Flow report for pl_computer
Sun Jun 10 16:52:41 2018
Quartus II 64-Bit Version 13.1.0 Build 162 10/23/2013 SJ Web Edition


---------------------
; Table of Contents ;
---------------------
  1. Legal Notice
  2. Flow Summary
  3. Flow Settings
  4. Flow Non-Default Global Settings
  5. Flow Elapsed Time
  6. Flow OS Summary
  7. Flow Log
  8. Flow Messages
  9. Flow Suppressed Messages



----------------
; Legal Notice ;
----------------
Copyright (C) 1991-2013 Altera Corporation
Your use of Altera Corporation's design tools, logic functions 
and other software and tools, and its AMPP partner logic 
functions, and any output files from any of the foregoing 
(including device programming or simulation files), and any 
associated documentation or information are expressly subject 
to the terms and conditions of the Altera Program License 
Subscription Agreement, Altera MegaCore Function License 
Agreement, or other applicable license agreement, including, 
without limitation, that your use is for the sole purpose of 
programming logic devices manufactured by Altera and sold by 
Altera or its authorized distributors.  Please refer to the 
applicable agreement for further details.



+------------------------------------------------------------------------------+
; Flow Summary                                                                 ;
+---------------------------------+--------------------------------------------+
; Flow Status                     ; Successful - Sun Jun 10 16:52:41 2018      ;
; Quartus II 64-Bit Version       ; 13.1.0 Build 162 10/23/2013 SJ Web Edition ;
; Revision Name                   ; pl_computer                                ;
; Top-level Entity Name           ; pl_computer                                ;
; Family                          ; Cyclone V                                  ;
; Device                          ; 5CSEMA5F31C6                               ;
; Timing Models                   ; Preliminary                                ;
; Logic utilization (in ALMs)     ; 1,406 / 32,070 ( 4 % )                     ;
; Total registers                 ; 1496                                       ;
; Total pins                      ; 52 / 457 ( 11 % )                          ;
; Total virtual pins              ; 0                                          ;
; Total block memory bits         ; 3,072 / 4,065,280 ( < 1 % )                ;
; Total DSP Blocks                ; 0 / 87 ( 0 % )                             ;
; Total HSSI RX PCSs              ; 0                                          ;
; Total HSSI PMA RX Deserializers ; 0                                          ;
; Total HSSI TX PCSs              ; 0                                          ;
; Total HSSI TX Channels          ; 0                                          ;
; Total PLLs                      ; 1 / 6 ( 17 % )                             ;
; Total DLLs                      ; 0 / 4 ( 0 % )                              ;
+---------------------------------+--------------------------------------------+


+-----------------------------------------+
; Flow Settings                           ;
+-------------------+---------------------+
; Option            ; Setting             ;
+-------------------+---------------------+
; Start date & time ; 06/10/2018 16:50:18 ;
; Main task         ; Compilation         ;
; Revision Name     ; pl_computer         ;
+-------------------+---------------------+


+------------------------------------------------------------------------------------------------------------------------------+
; Flow Non-Default Global Settings                                                                                             ;
+--------------------------------------+---------------------------------------+---------------+-------------+-----------------+
; Assignment Name                      ; Value                                 ; Default Value ; Entity Name ; Section Id      ;
+--------------------------------------+---------------------------------------+---------------+-------------+-----------------+
; COMPILER_SIGNATURE_ID                ; 944351378922.152862061803988          ; --            ; --          ; --              ;
; EDA_DESIGN_INSTANCE_NAME             ; NA                                    ; --            ; --          ; pl_computer_sim ;
; EDA_NATIVELINK_SIMULATION_TEST_BENCH ; pl_computer_sim                       ; --            ; --          ; eda_simulation  ;
; EDA_NETLIST_WRITER_OUTPUT_DIR        ; simulation                            ; --            ; --          ; eda_simulation  ;
; EDA_OUTPUT_DATA_FORMAT               ; Verilog Hdl                           ; --            ; --          ; eda_simulation  ;
; EDA_SIMULATION_TOOL                  ; ModelSim-Altera (Verilog)             ; <None>        ; --          ; --              ;
; EDA_TEST_BENCH_ENABLE_STATUS         ; TEST_BENCH_MODE                       ; --            ; --          ; eda_simulation  ;
; EDA_TEST_BENCH_FILE                  ; simulation/pl_computer_sim.vt         ; --            ; --          ; pl_computer_sim ;
; EDA_TEST_BENCH_MODULE_NAME           ; pl_computer_sim                       ; --            ; --          ; pl_computer_sim ;
; EDA_TEST_BENCH_NAME                  ; pl_computer_sim                       ; --            ; --          ; eda_simulation  ;
; EDA_TEST_BENCH_RUN_SIM_FOR           ; 10000 ns                              ; --            ; --          ; pl_computer_sim ;
; EDA_TIME_SCALE                       ; 1 ns                                  ; --            ; --          ; eda_simulation  ;
; IP_TOOL_ENV                          ; mwpim                                 ; --            ; pll         ; --              ;
; IP_TOOL_ENV                          ; mwpim                                 ; --            ; pll         ; --              ;
; IP_TOOL_ENV                          ; mwpim                                 ; --            ; pll_0002    ; --              ;
; IP_TOOL_NAME                         ; altera_pll                            ; --            ; pll         ; --              ;
; IP_TOOL_NAME                         ; altera_pll                            ; --            ; pll         ; --              ;
; IP_TOOL_NAME                         ; altera_pll                            ; --            ; pll_0002    ; --              ;
; IP_TOOL_VERSION                      ; 13.1                                  ; --            ; pll         ; --              ;
; IP_TOOL_VERSION                      ; 13.1                                  ; --            ; pll         ; --              ;
; IP_TOOL_VERSION                      ; 13.1                                  ; --            ; pll_0002    ; --              ;
; MAX_CORE_JUNCTION_TEMP               ; 85                                    ; --            ; --          ; --              ;
; MIN_CORE_JUNCTION_TEMP               ; 0                                     ; --            ; --          ; --              ;
; MISC_FILE                            ; source/pll.cmp                        ; --            ; --          ; --              ;
; MISC_FILE                            ; source/pll_sim/pll.vo                 ; --            ; --          ; --              ;
; PARTITION_COLOR                      ; 16764057                              ; --            ; --          ; Top             ;
; PARTITION_FITTER_PRESERVATION_LEVEL  ; PLACEMENT_AND_ROUTING                 ; --            ; --          ; Top             ;
; PARTITION_NETLIST_TYPE               ; SOURCE                                ; --            ; --          ; Top             ;
; POWER_BOARD_THERMAL_MODEL            ; None (CONSERVATIVE)                   ; --            ; --          ; --              ;
; POWER_PRESET_COOLING_SOLUTION        ; 23 MM HEAT SINK WITH 200 LFPM AIRFLOW ; --            ; --          ; --              ;
; PROJECT_OUTPUT_DIRECTORY             ; output_files                          ; --            ; --          ; --              ;
; SPD_FILE                             ; source/pll.spd                        ; --            ; --          ; --              ;
; SYNTHESIS_ONLY_QIP                   ; On                                    ; --            ; --          ; --              ;
+--------------------------------------+---------------------------------------+---------------+-------------+-----------------+


+-------------------------------------------------------------------------------------------------------------------------------+
; Flow Elapsed Time                                                                                                             ;
+---------------------------+--------------+-------------------------+---------------------+------------------------------------+
; Module Name               ; Elapsed Time ; Average Processors Used ; Peak Virtual Memory ; Total CPU Time (on all processors) ;
+---------------------------+--------------+-------------------------+---------------------+------------------------------------+
; Analysis & Synthesis      ; 00:00:11     ; 1.0                     ; 583 MB              ; 00:00:11                           ;
; Fitter                    ; 00:01:26     ; 1.0                     ; 1661 MB             ; 00:01:25                           ;
; Assembler                 ; 00:00:15     ; 1.0                     ; 661 MB              ; 00:00:14                           ;
; TimeQuest Timing Analyzer ; 00:00:20     ; 1.0                     ; 874 MB              ; 00:00:20                           ;
; EDA Netlist Writer        ; 00:00:03     ; 1.0                     ; 626 MB              ; 00:00:03                           ;
; Total                     ; 00:02:15     ; --                      ; --                  ; 00:02:13                           ;
+---------------------------+--------------+-------------------------+---------------------+------------------------------------+


+----------------------------------------------------------------------------------------+
; Flow OS Summary                                                                        ;
+---------------------------+------------------+-----------+------------+----------------+
; Module Name               ; Machine Hostname ; OS Name   ; OS Version ; Processor type ;
+---------------------------+------------------+-----------+------------+----------------+
; Analysis & Synthesis      ; LAPTOP-381THT98  ; Windows 7 ; 6.2        ; x86_64         ;
; Fitter                    ; LAPTOP-381THT98  ; Windows 7 ; 6.2        ; x86_64         ;
; Assembler                 ; LAPTOP-381THT98  ; Windows 7 ; 6.2        ; x86_64         ;
; TimeQuest Timing Analyzer ; LAPTOP-381THT98  ; Windows 7 ; 6.2        ; x86_64         ;
; EDA Netlist Writer        ; LAPTOP-381THT98  ; Windows 7 ; 6.2        ; x86_64         ;
+---------------------------+------------------+-----------+------------+----------------+


------------
; Flow Log ;
------------
quartus_map --read_settings_files=on --write_settings_files=off pl_computer -c pl_computer
quartus_fit --read_settings_files=off --write_settings_files=off pl_computer -c pl_computer
quartus_asm --read_settings_files=off --write_settings_files=off pl_computer -c pl_computer
quartus_sta pl_computer -c pl_computer
quartus_eda --read_settings_files=off --write_settings_files=off pl_computer -c pl_computer



